Running: fuse.exe -relaunch -intstyle "ise" -incremental -lib "unisims_ver" -lib "unimacro_ver" -lib "xilinxcorelib_ver" -o "C:/Users/jnwad_000/Documents/School/Project Lab 1/TeamFury/TestingToneDetection_isim_beh.exe" -prj "C:/Users/jnwad_000/Documents/School/Project Lab 1/TeamFury/TestingToneDetection_beh.prj" "work.TestingToneDetection" "work.glbl" 
ISim P.20131013 (signature 0x7708f090)
Number of CPUs detected in this system: 4
Turning on mult-threading, number of parallel sub-compilation jobs: 8 
Determining compilation order of HDL files
Analyzing Verilog file "C:/Users/jnwad_000/Documents/School/Project Lab 1/TeamFury/ToneDetection.v" into library work
Analyzing Verilog file "C:/Users/jnwad_000/Documents/School/Project Lab 1/TeamFury/TestingToneDetection.v" into library work
Analyzing Verilog file "C:/Xilinx/14.7/ISE_DS/ISE//verilog/src/glbl.v" into library work
Starting static elaboration
Completed static elaboration
Compiling module ToneDetection
Compiling module TestingToneDetection
Compiling module glbl
Time Resolution for simulation is 1ps.
Waiting for 1 sub-compilation(s) to finish...
WARNING:Simulator - Unable to copy libPortabilityNOSH.dll to the simulation executable directory: boost::filesystem::copy_file: The system cannot find the path specified, "isim\TestingToneDetection_isim_beh.exe.sim\libPortability.dll".
Compiled 3 Verilog Units
Built simulation executable C:/Users/jnwad_000/Documents/School/Project Lab 1/TeamFury/TestingToneDetection_isim_beh.exe
Fuse Memory Usage: 27300 KB
Fuse CPU Usage: 374 ms
