
****** PlanAhead v14.7 (64-bit)
  **** Build 321239 by xbuild on Fri Sep 27 19:29:51 MDT 2013
    ** Copyright 1986-1999, 2001-2013 Xilinx, Inc. All Rights Reserved.

INFO: [Common 17-78] Attempting to get a license: PlanAhead
INFO: [Common 17-290] Got license for PlanAhead
INFO: [Device 21-36] Loading parts and site information from C:/Xilinx/14.7/ISE_DS/PlanAhead/data/parts/arch.xml
Parsing RTL primitives file [C:/Xilinx/14.7/ISE_DS/PlanAhead/data/parts/xilinx/rtl/prims/rtl_prims.xml]
Finished parsing RTL primitives file [C:/Xilinx/14.7/ISE_DS/PlanAhead/data/parts/xilinx/rtl/prims/rtl_prims.xml]
start_gui
source C:/Users/Denton/ownCloud/School/EE/ProjectLab1/Varalog/TeamFury/pa.fromNetlist.tcl
# create_project -name TeamFury -dir "C:/Users/Denton/ownCloud/School/EE/ProjectLab1/Varalog/TeamFury/planAhead_run_2" -part xc3s100ecp132-4
# set_property design_mode GateLvl [get_property srcset [current_run -impl]]
# set_property edif_top_file "C:/Users/Denton/ownCloud/School/EE/ProjectLab1/Varalog/TeamFury/MainModule.ngc" [ get_property srcset [ current_run ] ]
# add_files -norecurse { {C:/Users/Denton/ownCloud/School/EE/ProjectLab1/Varalog/TeamFury} }
# set_property target_constrs_file "ConstraintsFile.ucf" [current_fileset -constrset]
Adding file 'C:/Users/Denton/ownCloud/School/EE/ProjectLab1/Varalog/TeamFury/ConstraintsFile.ucf' to fileset 'constrs_1'
# add_files [list {ConstraintsFile.ucf}] -fileset [get_property constrset [current_run]]
# link_design
Design is defaulting to srcset: sources_1
Design is defaulting to constrset: constrs_1
Design is defaulting to project part: xc3s100ecp132-4
Release 14.7 - ngc2edif P.20131013 (nt64)
Copyright (c) 1995-2013 Xilinx, Inc.  All rights reserved.
Reading design MainModule.ngc ...
WARNING:NetListWriters:298 - No output is written to MainModule.xncf, ignored.
Processing design ...
   Preping design's networks ...
   Preping design's macros ...
  finished :Prep
Writing EDIF netlist file MainModule.edif ...
ngc2edif: Total memory usage is 81112 kilobytes

Parsing EDIF File [./planAhead_run_2/TeamFury.data/cache/MainModule_ngc_zx.edif]
Finished Parsing EDIF File [./planAhead_run_2/TeamFury.data/cache/MainModule_ngc_zx.edif]
INFO: [Designutils 20-910] Reading macro library C:/Xilinx/14.7/ISE_DS/PlanAhead/data\./parts/xilinx/spartan3e/spartan3e/hd_int_macros.edn
Parsing EDIF File [C:/Xilinx/14.7/ISE_DS/PlanAhead/data\./parts/xilinx/spartan3e/spartan3e/hd_int_macros.edn]
Finished Parsing EDIF File [C:/Xilinx/14.7/ISE_DS/PlanAhead/data\./parts/xilinx/spartan3e/spartan3e/hd_int_macros.edn]
Loading clock regions from C:/Xilinx/14.7/ISE_DS/PlanAhead/data\parts/xilinx/spartan3e/spartan3e/xc3s100e/ClockRegion.xml
Loading clock buffers from C:/Xilinx/14.7/ISE_DS/PlanAhead/data\parts/xilinx/spartan3e/spartan3e/xc3s100e/ClockBuffers.xml
Loading package from C:/Xilinx/14.7/ISE_DS/PlanAhead/data\parts/xilinx/spartan3e/spartan3e/xc3s100e/cp132/Package.xml
Loading io standards from C:/Xilinx/14.7/ISE_DS/PlanAhead/data\./parts/xilinx/spartan3e/IOStandards.xml
INFO: [Device 21-19] Loading pkg sso from C:/Xilinx/14.7/ISE_DS/PlanAhead/data\parts/xilinx/spartan3e/spartan3e/xc3s100e/cp132/SSORules.xml
Loading list of drcs for the architecture : C:/Xilinx/14.7/ISE_DS/PlanAhead/data\./parts/xilinx/spartan3e/spartan3e/drc.xml
INFO: [Timing 38-77] Reading timing library C:/Xilinx/14.7/ISE_DS/PlanAhead/data\parts/xilinx/spartan3e/spartan3e/spartan3e-4.lib.
INFO: [Timing 38-34] Done reading timing library C:/Xilinx/14.7/ISE_DS/PlanAhead/data\parts/xilinx/spartan3e/spartan3e/spartan3e-4.lib.
Parsing UCF File [C:/Users/Denton/ownCloud/School/EE/ProjectLab1/Varalog/TeamFury/ConstraintsFile.ucf]
Finished Parsing UCF File [C:/Users/Denton/ownCloud/School/EE/ProjectLab1/Varalog/TeamFury/ConstraintsFile.ucf]
INFO: [Project 1-111] Unisim Transformation Summary:
No Unisim elements were transformed.

Phase 0 | Netlist Checksum: d42c395e
link_design: Time (s): elapsed = 00:00:07 . Memory (MB): peak = 601.297 ; gain = 129.578
exit
ERROR: [Common 17-39] 'stop_gui' failed due to earlier errors.
INFO: [Common 17-206] Exiting PlanAhead at Mon Oct 03 22:43:00 2016...
INFO: [Common 17-83] Releasing license: PlanAhead
