Command line:
   ToneDetection_isim_beh.exe
     -simmode  gui
     -simrunnum  0
     -socket  59133

Mon Nov 21 17:08:03 2016


 Elaboration Time: 0.03125 sec

 Current Memory Usage: 841.568 Meg

 Total Signals          : 24
 Total Nets             : 26
 Total Signal Drivers   : 6
 Total Blocks           : 2
 Total Primitive Blocks : 2
 Total Processes        : 8
 Total Traceable Variables  : 41
 Total Scalar Nets and Variables : 363
Total Line Count : 82

 Total Simulation Time: 0.28125 sec

 Current Memory Usage: 684.282 Meg

Mon Nov 21 17:11:54 2016

